#
# A fatal error has been detected by the Java Runtime Environment:
#
#  SIGSEGV (0xb) at pc=0x0000000105982f94, pid=6112, tid=18191
#
# JRE version: Java(TM) SE Runtime Environment (8.0_60-b27) (build 1.8.0_60-b27)
# Java VM: Java HotSpot(TM) 64-Bit Server VM (25.60-b23 mixed mode bsd-amd64 compressed oops)
# Problematic frame:
# V  [libjvm.dylib+0x382f94]
#
# Failed to write core dump. Core dumps have been disabled. To enable core dumping, try "ulimit -c unlimited" before starting Java again
#
# If you would like to submit a bug report, please visit:
#   http://bugreport.java.com/bugreport/crash.jsp
#

---------------  T H R E A D  ---------------

Current thread (0x00007fd346802000):  JavaThread "JDWP Transport Listener: dt_socket" daemon [_thread_in_vm, id=18191, stack(0x000000011dea2000,0x000000011dfa2000)]

siginfo: si_signo: 11 (SIGSEGV), si_code: 1 (SEGV_MAPERR), si_addr: 0x00007fd4122d9b90

Registers:
RAX=0x00007fd342c97478, RBX=0x00000007c0060240, RCX=0x0000000000000001, RDX=0x00007fd345300580
RSP=0x000000011dfa1970, RBP=0x000000011dfa19f0, RSI=0x0000000000000000, RDI=0x00007fd345300000
R8 =0x000000011dfa18b8, R9 =0x000000011dfa18b0, R10=0x00007fd342d6b070, R11=0x00007fd342d00000
R12=0x0000000000000013, R13=0x0000000019eb0c88, R14=0x0000000000000018, R15=0x00007fd342d53750
RIP=0x0000000105982f94, EFLAGS=0x0000000000010202, ERR=0x0000000000000006
  TRAPNO=0x000000000000000e

Top of Stack: (sp=0x000000011dfa1970)
0x000000011dfa1970:   000000011dfa1980 0000000000000018
0x000000011dfa1980:   000000011dfa1a84 000000011dfa1a78
0x000000011dfa1990:   00007fd346802000 00007fd345300050
0x000000011dfa19a0:   00007fd345300490 00007fd3453004a0
0x000000011dfa19b0:   00007fd345300578 00000000000000d8
0x000000011dfa19c0:   000000011dfa1db0 000000011dfa1a78
0x000000011dfa19d0:   00007fd342c00760 00007fd346802000
0x000000011dfa19e0:   000000011dfa1a84 00000007a0d0f558
0x000000011dfa19f0:   000000011dfa1a60 00000001059578ff
0x000000011dfa1a00:   00007fd346802000 00007fd346802000
0x000000011dfa1a10:   0000000000000000 0000000100000000
0x000000011dfa1a20:   0000000000000000 00007fd346802000
0x000000011dfa1a30:   00007fd346802000 0000000000000001
0x000000011dfa1a40:   00007fd345301408 00007fd342c64350
0x000000011dfa1a50:   000000011dfa1b08 000000011dfa1c90
0x000000011dfa1a60:   000000011dfa1ad0 0000000106691195
0x000000011dfa1a70:   000000011dfa1aa0 0000000000000000
0x000000011dfa1a80:   0000000000000032 000000011dfa1b08
0x000000011dfa1a90:   000000011dfa1b08 00000001066bf598
0x000000011dfa1aa0:   000000011dfa1ac0 000000011dfa1c90
0x000000011dfa1ab0:   00000001066b3e7a 00007fd342c64350
0x000000011dfa1ac0:   000000011dfa1b08 00000001066bf598
0x000000011dfa1ad0:   000000011dfa1ae0 00000001066912ec
0x000000011dfa1ae0:   000000011dfa1d00 000000010669a898
0x000000011dfa1af0:   00003b0f00000013 00000000000f0200
0x000000011dfa1b00:   00007fd342c7d990 000000011dfa1b58
0x000000011dfa1b10:   00007fd30000012c 000000011dfa1b20
0x000000011dfa1b20:   00007fd300000000 000000011dfa1b58
0x000000011dfa1b30:   0000000000000000 00007f0000000000
0x000000011dfa1b40:   00003b0f0000001c 00007fff00007f80
0x000000011dfa1b50:   000000011dfa1b58 0000000101000000
0x000000011dfa1b60:   0000001b00000000 000000000b000007 

Instructions: (pc=0x0000000105982f94)
0x0000000105982f74:   45 31 e4 48 8b 83 80 01 00 00 48 8b 8b a0 01 00
0x0000000105982f84:   00 4e 63 6c a1 04 4a 8b 7c e0 08 e8 8c ff f9 ff
0x0000000105982f94:   4b 89 04 ef 49 ff c4 4d 39 e6 75 d7 48 8b 45 88
0x0000000105982fa4:   48 8b 55 90 89 02 48 8b 4d 98 4c 89 39 31 db 48 

Register to memory mapping:

RAX=0x00007fd342c97478 is an unknown value
RBX=0x00000007c0060240 is pointing into metadata
RCX=0x0000000000000001 is an unknown value
RDX=0x00007fd345300580 is an unknown value
RSP=0x000000011dfa1970 is pointing into the stack for thread: 0x00007fd346802000
RBP=0x000000011dfa19f0 is pointing into the stack for thread: 0x00007fd346802000
RSI=0x0000000000000000 is an unknown value
RDI=0x00007fd345300000 is an unknown value
R8 =0x000000011dfa18b8 is pointing into the stack for thread: 0x00007fd346802000
R9 =0x000000011dfa18b0 is pointing into the stack for thread: 0x00007fd346802000
R10=0x00007fd342d6b070 is an unknown value
R11=0x00007fd342d00000 is an unknown value
R12=0x0000000000000013 is an unknown value
R13=0x0000000019eb0c88 is an unknown value
R14=0x0000000000000018 is an unknown value
R15=0x00007fd342d53750 is an unknown value


Stack: [0x000000011dea2000,0x000000011dfa2000],  sp=0x000000011dfa1970,  free space=1022k
Native frames: (J=compiled Java code, j=interpreted, Vv=VM code, C=native code)
V  [libjvm.dylib+0x382f94]
V  [libjvm.dylib+0x3578ff]
C  [libjdwp.dylib+0x5195]  methods1+0xad
C  [libjdwp.dylib+0x52ec]  methodsWithGeneric+0xe
C  [libjdwp.dylib+0xe898]  debugLoop_run+0x1ce
C  [libjdwp.dylib+0x1f6ba]  attachThread+0x4d
V  [libjvm.dylib+0x396d6c]
V  [libjvm.dylib+0x5612d3]
V  [libjvm.dylib+0x5629ce]
V  [libjvm.dylib+0x48343a]
C  [libsystem_pthread.dylib+0x3268]  _pthread_body+0x83
C  [libsystem_pthread.dylib+0x31e5]  _pthread_body+0x0
C  [libsystem_pthread.dylib+0x141d]  thread_start+0xd
C  0x0000000000000000


---------------  P R O C E S S  ---------------

Java Threads: ( => current thread )
  0x00007fd347052800 JavaThread "JavaFX-Launcher" [_thread_blocked, id=55299, stack(0x0000000122bc5000,0x0000000122cc5000)]
  0x00007fd345958000 JavaThread "Thread-3" daemon [_thread_in_native, id=42755, stack(0x0000000121913000,0x0000000121993000)]
  0x00007fd34306f000 JavaThread "JavaFX Application Thread" [_thread_blocked, id=1811, stack(0x00007fff5af9e000,0x00007fff5b79e000)]
  0x00007fd34491b800 JavaThread "Thread-1" daemon [_thread_blocked, id=28931, stack(0x000000011f4c3000,0x000000011f5c3000)]
  0x00007fd34585d800 JavaThread "QuantumRenderer-0" daemon [_thread_blocked, id=23043, stack(0x000000011e88f000,0x000000011e98f000)]
  0x00007fd34302d000 JavaThread "Service Thread" daemon [_thread_blocked, id=22019, stack(0x000000011e5b7000,0x000000011e6b7000)]
  0x00007fd343010800 JavaThread "C1 CompilerThread3" daemon [_thread_blocked, id=21507, stack(0x000000011e4b4000,0x000000011e5b4000)]
  0x00007fd34380f000 JavaThread "C2 CompilerThread2" daemon [_thread_blocked, id=20995, stack(0x000000011e3b1000,0x000000011e4b1000)]
  0x00007fd34380e800 JavaThread "C2 CompilerThread1" daemon [_thread_blocked, id=20483, stack(0x000000011e2ae000,0x000000011e3ae000)]
  0x00007fd34380d800 JavaThread "C2 CompilerThread0" daemon [_thread_blocked, id=19971, stack(0x000000011e1ab000,0x000000011e2ab000)]
  0x00007fd346008800 JavaThread "JDWP Command Reader" daemon [_thread_in_native, id=19459, stack(0x000000011e0a8000,0x000000011e1a8000)]
  0x00007fd347006000 JavaThread "JDWP Event Helper Thread" daemon [_thread_blocked, id=18947, stack(0x000000011dfa5000,0x000000011e0a5000)]
=>0x00007fd346802000 JavaThread "JDWP Transport Listener: dt_socket" daemon [_thread_in_vm, id=18191, stack(0x000000011dea2000,0x000000011dfa2000)]
  0x00007fd34484a000 JavaThread "Signal Dispatcher" daemon [_thread_blocked, id=14355, stack(0x000000011dd98000,0x000000011de98000)]
  0x00007fd34483e800 JavaThread "Finalizer" daemon [_thread_blocked, id=13571, stack(0x000000011c405000,0x000000011c505000)]
  0x00007fd34483d800 JavaThread "Reference Handler" daemon [_thread_blocked, id=13059, stack(0x000000011c302000,0x000000011c402000)]
  0x00007fd343004000 JavaThread "main" [_thread_blocked, id=4867, stack(0x000000010658a000,0x000000010668a000)]

Other Threads:
  0x00007fd34483b000 VMThread [stack: 0x000000011c1ff000,0x000000011c2ff000] [id=12547]
  0x00007fd345812000 WatcherThread [stack: 0x000000011e6ba000,0x000000011e7ba000] [id=22531]

VM state:not at safepoint (normal execution)

VM Mutex/Monitor currently owned by a thread: None

Heap:
 PSYoungGen      total 28672K, used 13453K [0x00000007a0000000, 0x00000007a2000000, 0x00000007c0000000)
  eden space 24576K, 54% used [0x00000007a0000000,0x00000007a0d23668,0x00000007a1800000)
  from space 4096K, 0% used [0x00000007a1c00000,0x00000007a1c00000,0x00000007a2000000)
  to   space 4096K, 0% used [0x00000007a1800000,0x00000007a1800000,0x00000007a1c00000)
 ParOldGen       total 65536K, used 0K [0x0000000760000000, 0x0000000764000000, 0x00000007a0000000)
  object space 65536K, 0% used [0x0000000760000000,0x0000000760000000,0x0000000764000000)
 Metaspace       used 7504K, capacity 7844K, committed 7936K, reserved 1056768K
  class space    used 875K, capacity 991K, committed 1024K, reserved 1048576K

Card table byte_map: [0x0000000115a97000,0x0000000115d98000] byte_map_base: 0x0000000111f97000

Marking Bits: (ParMarkBitMap*) 0x0000000105edee20
 Begin Bits: [0x00000001167b0000, 0x0000000117fb0000)
 End Bits:   [0x0000000117fb0000, 0x00000001197b0000)

Polling page: 0x00000001045bb000

CodeCache: size=245760Kb used=2238Kb max_used=2249Kb free=243521Kb
 bounds [0x00000001066d7000, 0x0000000106947000, 0x00000001156d7000]
 total_blobs=861 nmethods=492 adapters=292
 compilation: enabled

Compilation events (10 events):
Event: 6.782 Thread 0x00007fd343010800  488       1       com.sun.javafx.tk.quantum.PaintCollector::hasDirty (5 bytes)
Event: 6.782 Thread 0x00007fd343010800 nmethod 488 0x00000001068f1bd0 code [0x00000001068f1d20, 0x00000001068f1e30]
Event: 8.922 Thread 0x00007fd343010800  489       3       com.sun.javafx.tk.quantum.QuantumToolkit$$Lambda$42/575844225::run (8 bytes)
Event: 8.922 Thread 0x00007fd343010800 nmethod 489 0x0000000106902910 code [0x0000000106902ac0, 0x0000000106902f28]
Event: 8.923 Thread 0x00007fd343010800  490   !   3       com.sun.javafx.tk.quantum.QuantumToolkit::lambda$runToolkit$406 (16 bytes)
Event: 8.923 Thread 0x00007fd343010800 nmethod 490 0x0000000106903150 code [0x00000001069032e0, 0x00000001069036c8]
Event: 11.062 Thread 0x00007fd343010800  491       3       com.sun.javafx.tk.quantum.QuantumToolkit::postPulse (148 bytes)
Event: 11.085 Thread 0x00007fd343010800 nmethod 491 0x0000000106903850 code [0x0000000106903be0, 0x0000000106905bf8]
Event: 94.599 Thread 0x00007fd34380d800  492       4       com.sun.javafx.tk.quantum.QuantumToolkit$$Lambda$42/575844225::run (8 bytes)
Event: 94.603 Thread 0x00007fd34380d800 nmethod 492 0x0000000106909610 code [0x0000000106909780, 0x0000000106909a58]

GC Heap History (0 events):
No events

Deoptimization events (1 events):
Event: 5.291 Thread 0x00007fd34306f000 Uncommon trap: reason=unstable_if action=reinterpret pc=0x0000000106883c20 method=java.lang.String.replace(CC)Ljava/lang/String; @ 26

Internal exceptions (10 events):
Event: 2.551 Thread 0x00007fd343004000 Exception <a 'java/util/zip/ZipException'> (0x00000007a01c02e8) thrown at [/Users/java_re/workspace/8-2-build-macosx-x86_64/jdk8u60/4407/hotspot/src/share/vm/prims/jni.cpp, line 709]
Event: 2.551 Thread 0x00007fd343004000 Exception <a 'java/security/PrivilegedActionException'> (0x00000007a01c04f0) thrown at [/Users/java_re/workspace/8-2-build-macosx-x86_64/jdk8u60/4407/hotspot/src/share/vm/prims/jvm.cpp, line 1386]
Event: 2.551 Thread 0x00007fd343004000 Exception <a 'java/security/PrivilegedActionException'> (0x00000007a01c0700) thrown at [/Users/java_re/workspace/8-2-build-macosx-x86_64/jdk8u60/4407/hotspot/src/share/vm/prims/jvm.cpp, line 1386]
Event: 2.777 Thread 0x00007fd343004000 Exception <a 'java/lang/NoSuchFieldError': method resolution failed> (0x00000007a0344478) thrown at [/Users/java_re/workspace/8-2-build-macosx-x86_64/jdk8u60/4407/hotspot/src/share/vm/prims/methodHandles.cpp, line 1146]
Event: 2.841 Thread 0x00007fd343004000 Exception <a 'java/lang/NoSuchFieldError': method resolution failed> (0x00000007a03517f8) thrown at [/Users/java_re/workspace/8-2-build-macosx-x86_64/jdk8u60/4407/hotspot/src/share/vm/prims/methodHandles.cpp, line 1146]
Event: 2.863 Thread 0x00007fd343004000 Exception <a 'java/security/PrivilegedActionException'> (0x00000007a03df4a8) thrown at [/Users/java_re/workspace/8-2-build-macosx-x86_64/jdk8u60/4407/hotspot/src/share/vm/prims/jvm.cpp, line 1386]
Event: 2.863 Thread 0x00007fd343004000 Exception <a 'java/security/PrivilegedActionException'> (0x00000007a03df6b8) thrown at [/Users/java_re/workspace/8-2-build-macosx-x86_64/jdk8u60/4407/hotspot/src/share/vm/prims/jvm.cpp, line 1386]
Event: 2.864 Thread 0x00007fd343004000 Exception <a 'java/security/PrivilegedActionException'> (0x00000007a03e2958) thrown at [/Users/java_re/workspace/8-2-build-macosx-x86_64/jdk8u60/4407/hotspot/src/share/vm/prims/jvm.cpp, line 1386]
Event: 2.864 Thread 0x00007fd343004000 Exception <a 'java/security/PrivilegedActionException'> (0x00000007a03e2b68) thrown at [/Users/java_re/workspace/8-2-build-macosx-x86_64/jdk8u60/4407/hotspot/src/share/vm/prims/jvm.cpp, line 1386]
Event: 2.864 Thread 0x00007fd343004000 Exception <a 'java/lang/NullPointerException'> (0x00000007a03e44e0) thrown at [/Users/java_re/workspace/8-2-build-macosx-x86_64/jdk8u60/4407/hotspot/src/share/vm/interpreter/linkResolver.cpp, line 1178]

Events (10 events):
Event: 9.872 Executing VM operation: GetOrSetLocal
Event: 9.872 Executing VM operation: GetOrSetLocal done
Event: 90.384 Executing VM operation: GetOrSetLocal
Event: 90.385 Executing VM operation: GetOrSetLocal done
Event: 90.426 Executing VM operation: GetOrSetLocal
Event: 90.426 Executing VM operation: GetOrSetLocal done
Event: 90.427 Executing VM operation: GetOrSetLocal
Event: 90.427 Executing VM operation: GetOrSetLocal done
Event: 109.931 Executing VM operation: RedefineClasses
Event: 109.944 Executing VM operation: RedefineClasses done


Dynamic libraries:
0x000000000abe6000 	/System/Library/Frameworks/Cocoa.framework/Versions/A/Cocoa
0x000000000abe6000 	/System/Library/Frameworks/Security.framework/Versions/A/Security
0x000000000abe6000 	/System/Library/Frameworks/ApplicationServices.framework/Versions/A/ApplicationServices
0x000000000abe6000 	/usr/lib/libz.1.dylib
0x000000000abe6000 	/usr/lib/libSystem.B.dylib
0x000000000abe6000 	/usr/lib/libobjc.A.dylib
0x000000000abe6000 	/System/Library/Frameworks/CoreFoundation.framework/Versions/A/CoreFoundation
0x000000000abe6000 	/System/Library/Frameworks/Foundation.framework/Versions/C/Foundation
0x000000000abe6000 	/System/Library/Frameworks/AppKit.framework/Versions/C/AppKit
0x000000000abe6000 	/System/Library/Frameworks/CoreData.framework/Versions/A/CoreData
0x000000000abe6000 	/System/Library/PrivateFrameworks/RemoteViewServices.framework/Versions/A/RemoteViewServices
0x000000000abe6000 	/System/Library/PrivateFrameworks/UIFoundation.framework/Versions/A/UIFoundation
0x000000000abe6000 	/System/Library/Frameworks/IOSurface.framework/Versions/A/IOSurface
0x000000000abe6000 	/System/Library/Frameworks/AudioToolbox.framework/Versions/A/AudioToolbox
0x000000000abe6000 	/System/Library/Frameworks/AudioUnit.framework/Versions/A/AudioUnit
0x000000000abe6000 	/System/Library/PrivateFrameworks/DataDetectorsCore.framework/Versions/A/DataDetectorsCore
0x000000000abe6000 	/System/Library/PrivateFrameworks/DesktopServicesPriv.framework/Versions/A/DesktopServicesPriv
0x000000000abe6000 	/System/Library/Frameworks/Carbon.framework/Versions/A/Frameworks/HIToolbox.framework/Versions/A/HIToolbox
0x000000000abe6000 	/System/Library/Frameworks/QuartzCore.framework/Versions/A/QuartzCore
0x000000000abe6000 	/System/Library/Frameworks/Carbon.framework/Versions/A/Frameworks/SpeechRecognition.framework/Versions/A/SpeechRecognition
0x000000000abe6000 	/usr/lib/libauto.dylib
0x000000000abe6000 	/usr/lib/libicucore.A.dylib
0x000000000abe6000 	/usr/lib/libxml2.2.dylib
0x000000000abe6000 	/System/Library/PrivateFrameworks/CoreUI.framework/Versions/A/CoreUI
0x000000000abe6000 	/System/Library/Frameworks/CoreAudio.framework/Versions/A/CoreAudio
0x000000000abe6000 	/System/Library/Frameworks/DiskArbitration.framework/Versions/A/DiskArbitration
0x000000000abe6000 	/usr/lib/liblangid.dylib
0x000000000abe6000 	/System/Library/PrivateFrameworks/MultitouchSupport.framework/Versions/A/MultitouchSupport
0x000000000abe6000 	/System/Library/Frameworks/IOKit.framework/Versions/A/IOKit
0x000000000abe6000 	/usr/lib/libDiagnosticMessagesClient.dylib
0x000000000abe6000 	/System/Library/Frameworks/CoreServices.framework/Versions/A/CoreServices
0x000000000abe6000 	/System/Library/PrivateFrameworks/PerformanceAnalysis.framework/Versions/A/PerformanceAnalysis
0x000000000abe6000 	/System/Library/PrivateFrameworks/GenerationalStorage.framework/Versions/A/GenerationalStorage
0x000000000abe6000 	/System/Library/Frameworks/OpenGL.framework/Versions/A/OpenGL
0x000000000abe6000 	/System/Library/PrivateFrameworks/Sharing.framework/Versions/A/Sharing
0x000000000abe6000 	/System/Library/Frameworks/CoreGraphics.framework/Versions/A/CoreGraphics
0x000000000abe6000 	/System/Library/Frameworks/CoreText.framework/Versions/A/CoreText
0x000000000abe6000 	/System/Library/Frameworks/ImageIO.framework/Versions/A/ImageIO
0x000000000abe6000 	/usr/lib/libextension.dylib
0x000000000abe6000 	/System/Library/PrivateFrameworks/Backup.framework/Versions/A/Backup
0x000000000abe6000 	/usr/lib/libarchive.2.dylib
0x000000000abe6000 	/System/Library/Frameworks/CFNetwork.framework/Versions/A/CFNetwork
0x000000000abe6000 	/System/Library/Frameworks/SystemConfiguration.framework/Versions/A/SystemConfiguration
0x000000000abe6000 	/usr/lib/libCRFSuite.dylib
0x000000000abe6000 	/usr/lib/libc++.1.dylib
0x000000000abe6000 	/usr/lib/libc++abi.dylib
0x000000000abe6000 	/usr/lib/system/libcache.dylib
0x000000000abe6000 	/usr/lib/system/libcommonCrypto.dylib
0x000000000abe6000 	/usr/lib/system/libcompiler_rt.dylib
0x000000000abe6000 	/usr/lib/system/libcopyfile.dylib
0x000000000abe6000 	/usr/lib/system/libcorecrypto.dylib
0x000000000abe6000 	/usr/lib/system/libdispatch.dylib
0x000000000abe6000 	/usr/lib/system/libdyld.dylib
0x000000000abe6000 	/usr/lib/system/libkeymgr.dylib
0x000000000abe6000 	/usr/lib/system/liblaunch.dylib
0x000000000abe6000 	/usr/lib/system/libmacho.dylib
0x000000000abe6000 	/usr/lib/system/libquarantine.dylib
0x000000000abe6000 	/usr/lib/system/libremovefile.dylib
0x000000000abe6000 	/usr/lib/system/libsystem_asl.dylib
0x000000000abe6000 	/usr/lib/system/libsystem_blocks.dylib
0x000000000abe6000 	/usr/lib/system/libsystem_c.dylib
0x000000000abe6000 	/usr/lib/system/libsystem_configuration.dylib
0x000000000abe6000 	/usr/lib/system/libsystem_coreservices.dylib
0x000000000abe6000 	/usr/lib/system/libsystem_coretls.dylib
0x000000000abe6000 	/usr/lib/system/libsystem_dnssd.dylib
0x000000000abe6000 	/usr/lib/system/libsystem_info.dylib
0x000000000abe6000 	/usr/lib/system/libsystem_kernel.dylib
0x000000000abe6000 	/usr/lib/system/libsystem_m.dylib
0x000000000abe6000 	/usr/lib/system/libsystem_malloc.dylib
0x000000000abe6000 	/usr/lib/system/libsystem_network.dylib
0x000000000abe6000 	/usr/lib/system/libsystem_networkextension.dylib
0x000000000abe6000 	/usr/lib/system/libsystem_notify.dylib
0x000000000abe6000 	/usr/lib/system/libsystem_platform.dylib
0x000000000abe6000 	/usr/lib/system/libsystem_pthread.dylib
0x000000000abe6000 	/usr/lib/system/libsystem_sandbox.dylib
0x000000000abe6000 	/usr/lib/system/libsystem_secinit.dylib
0x000000000abe6000 	/usr/lib/system/libsystem_stats.dylib
0x000000000abe6000 	/usr/lib/system/libsystem_trace.dylib
0x000000000abe6000 	/usr/lib/system/libunc.dylib
0x000000000abe6000 	/usr/lib/system/libunwind.dylib
0x000000000abe6000 	/usr/lib/system/libxpc.dylib
0x000000000abe6000 	/usr/lib/libbz2.1.0.dylib
0x000000000abe6000 	/usr/lib/liblzma.5.dylib
0x000000000abe6000 	/usr/lib/libbsm.0.dylib
0x000000000abe6000 	/usr/lib/libsqlite3.dylib
0x000000000abe6000 	/usr/lib/system/libkxld.dylib
0x000000000abe6000 	/usr/lib/libxar.1.dylib
0x000000000abe6000 	/usr/lib/libpam.2.dylib
0x000000000abe6000 	/usr/lib/libOpenScriptingUtil.dylib
0x000000000abe6000 	/System/Library/Frameworks/CoreServices.framework/Versions/A/Frameworks/FSEvents.framework/Versions/A/FSEvents
0x000000000abe6000 	/System/Library/Frameworks/CoreServices.framework/Versions/A/Frameworks/CarbonCore.framework/Versions/A/CarbonCore
0x000000000abe6000 	/System/Library/Frameworks/CoreServices.framework/Versions/A/Frameworks/Metadata.framework/Versions/A/Metadata
0x000000000abe6000 	/System/Library/Frameworks/CoreServices.framework/Versions/A/Frameworks/OSServices.framework/Versions/A/OSServices
0x000000000abe6000 	/System/Library/Frameworks/CoreServices.framework/Versions/A/Frameworks/SearchKit.framework/Versions/A/SearchKit
0x000000000abe6000 	/System/Library/Frameworks/CoreServices.framework/Versions/A/Frameworks/AE.framework/Versions/A/AE
0x000000000abe6000 	/System/Library/Frameworks/CoreServices.framework/Versions/A/Frameworks/LaunchServices.framework/Versions/A/LaunchServices
0x000000000abe6000 	/System/Library/Frameworks/CoreServices.framework/Versions/A/Frameworks/DictionaryServices.framework/Versions/A/DictionaryServices
0x000000000abe6000 	/System/Library/Frameworks/NetFS.framework/Versions/A/NetFS
0x000000000abe6000 	/System/Library/PrivateFrameworks/NetAuth.framework/Versions/A/NetAuth
0x000000000abe6000 	/System/Library/PrivateFrameworks/login.framework/Versions/A/Frameworks/loginsupport.framework/Versions/A/loginsupport
0x000000000abe6000 	/System/Library/PrivateFrameworks/TCC.framework/Versions/A/TCC
0x000000000abe6000 	/usr/lib/libmecabra.dylib
0x000000000abe6000 	/System/Library/Frameworks/ApplicationServices.framework/Versions/A/Frameworks/ATS.framework/Versions/A/ATS
0x000000000abe6000 	/System/Library/Frameworks/ApplicationServices.framework/Versions/A/Frameworks/ColorSync.framework/Versions/A/ColorSync
0x000000000abe6000 	/System/Library/Frameworks/ApplicationServices.framework/Versions/A/Frameworks/HIServices.framework/Versions/A/HIServices
0x000000000abe6000 	/System/Library/Frameworks/ApplicationServices.framework/Versions/A/Frameworks/LangAnalysis.framework/Versions/A/LangAnalysis
0x000000000abe6000 	/System/Library/Frameworks/ApplicationServices.framework/Versions/A/Frameworks/PrintCore.framework/Versions/A/PrintCore
0x000000000abe6000 	/System/Library/Frameworks/ApplicationServices.framework/Versions/A/Frameworks/QD.framework/Versions/A/QD
0x000000000abe6000 	/System/Library/Frameworks/ApplicationServices.framework/Versions/A/Frameworks/SpeechSynthesis.framework/Versions/A/SpeechSynthesis
0x000000000abe6000 	/System/Library/Frameworks/Accelerate.framework/Versions/A/Accelerate
0x000000000abe6000 	/System/Library/Frameworks/Accelerate.framework/Versions/A/Frameworks/vImage.framework/Versions/A/vImage
0x000000000abe6000 	/System/Library/Frameworks/Accelerate.framework/Versions/A/Frameworks/vecLib.framework/Versions/A/vecLib
0x000000000abe6000 	/System/Library/Frameworks/Accelerate.framework/Versions/A/Frameworks/vecLib.framework/Versions/A/libvDSP.dylib
0x000000000abe6000 	/System/Library/Frameworks/Accelerate.framework/Versions/A/Frameworks/vecLib.framework/Versions/A/libvMisc.dylib
0x000000000abe6000 	/System/Library/Frameworks/Accelerate.framework/Versions/A/Frameworks/vecLib.framework/Versions/A/libLAPACK.dylib
0x000000000abe6000 	/System/Library/Frameworks/Accelerate.framework/Versions/A/Frameworks/vecLib.framework/Versions/A/libBLAS.dylib
0x000000000abe6000 	/System/Library/Frameworks/Accelerate.framework/Versions/A/Frameworks/vecLib.framework/Versions/A/libLinearAlgebra.dylib
0x000000000abe6000 	/System/Library/Frameworks/ApplicationServices.framework/Versions/A/Frameworks/ATS.framework/Versions/A/Resources/libFontParser.dylib
0x000000000abe6000 	/System/Library/Frameworks/ApplicationServices.framework/Versions/A/Frameworks/ATS.framework/Versions/A/Resources/libFontRegistry.dylib
0x000000000abe6000 	/System/Library/PrivateFrameworks/AppleVPA.framework/Versions/A/AppleVPA
0x000000000abe6000 	/System/Library/PrivateFrameworks/AppleJPEG.framework/Versions/A/AppleJPEG
0x000000000abe6000 	/System/Library/Frameworks/ImageIO.framework/Versions/A/Resources/libJPEG.dylib
0x000000000abe6000 	/System/Library/Frameworks/ImageIO.framework/Versions/A/Resources/libTIFF.dylib
0x000000000abe6000 	/System/Library/Frameworks/ImageIO.framework/Versions/A/Resources/libPng.dylib
0x000000000abe6000 	/System/Library/Frameworks/ImageIO.framework/Versions/A/Resources/libGIF.dylib
0x000000000abe6000 	/System/Library/Frameworks/ImageIO.framework/Versions/A/Resources/libJP2.dylib
0x000000000abe6000 	/System/Library/Frameworks/ImageIO.framework/Versions/A/Resources/libRadiance.dylib
0x000000000abe6000 	/System/Library/Frameworks/CoreVideo.framework/Versions/A/CoreVideo
0x000000000abe6000 	/System/Library/Frameworks/OpenGL.framework/Versions/A/Libraries/libGLU.dylib
0x000000000abe6000 	/System/Library/Frameworks/OpenGL.framework/Versions/A/Libraries/libGFXShared.dylib
0x000000000abe6000 	/System/Library/Frameworks/OpenGL.framework/Versions/A/Libraries/libGL.dylib
0x000000000abe6000 	/System/Library/Frameworks/OpenGL.framework/Versions/A/Libraries/libGLImage.dylib
0x000000000abe6000 	/System/Library/Frameworks/OpenGL.framework/Versions/A/Libraries/libCVMSPluginSupport.dylib
0x000000000abe6000 	/System/Library/Frameworks/OpenGL.framework/Versions/A/Libraries/libCoreVMClient.dylib
0x000000000abe6000 	/usr/lib/libcups.2.dylib
0x000000000abe6000 	/System/Library/Frameworks/Kerberos.framework/Versions/A/Kerberos
0x000000000abe6000 	/System/Library/Frameworks/GSS.framework/Versions/A/GSS
0x000000000abe6000 	/usr/lib/libresolv.9.dylib
0x000000000abe6000 	/usr/lib/libiconv.2.dylib
0x000000000abe6000 	/System/Library/PrivateFrameworks/Heimdal.framework/Versions/A/Heimdal
0x000000000abe6000 	/usr/lib/libheimdal-asn1.dylib
0x000000000abe6000 	/System/Library/Frameworks/OpenDirectory.framework/Versions/A/OpenDirectory
0x000000000abe6000 	/System/Library/PrivateFrameworks/CommonAuth.framework/Versions/A/CommonAuth
0x000000000abe6000 	/System/Library/Frameworks/OpenDirectory.framework/Versions/A/Frameworks/CFOpenDirectory.framework/Versions/A/CFOpenDirectory
0x000000000abe6000 	/System/Library/Frameworks/SecurityFoundation.framework/Versions/A/SecurityFoundation
0x000000000abe6000 	/System/Library/PrivateFrameworks/LanguageModeling.framework/Versions/A/LanguageModeling
0x000000000abe6000 	/usr/lib/libcmph.dylib
0x000000000abe6000 	/System/Library/Frameworks/ServiceManagement.framework/Versions/A/ServiceManagement
0x000000000abe6000 	/usr/lib/libxslt.1.dylib
0x000000000abe6000 	/System/Library/Frameworks/Carbon.framework/Versions/A/Frameworks/Ink.framework/Versions/A/Ink
0x000000000abe6000 	/System/Library/Frameworks/QuartzCore.framework/Versions/A/Frameworks/CoreImage.framework/Versions/A/CoreImage
0x000000000abe6000 	/System/Library/PrivateFrameworks/CrashReporterSupport.framework/Versions/A/CrashReporterSupport
0x000000000abe6000 	/System/Library/Frameworks/OpenCL.framework/Versions/A/OpenCL
0x000000000abe6000 	/System/Library/PrivateFrameworks/FaceCore.framework/Versions/A/FaceCore
0x000000000abe6000 	/System/Library/PrivateFrameworks/Ubiquity.framework/Versions/A/Ubiquity
0x000000000abe6000 	/System/Library/PrivateFrameworks/IconServices.framework/Versions/A/IconServices
0x000000000abe6000 	/System/Library/PrivateFrameworks/ChunkingLibrary.framework/Versions/A/ChunkingLibrary
0x000000000abe6000 	/System/Library/PrivateFrameworks/Apple80211.framework/Versions/A/Apple80211
0x000000000abe6000 	/System/Library/Frameworks/CoreWLAN.framework/Versions/A/CoreWLAN
0x000000000abe6000 	/System/Library/Frameworks/IOBluetooth.framework/Versions/A/IOBluetooth
0x000000000abe6000 	/System/Library/PrivateFrameworks/CoreWiFi.framework/Versions/A/CoreWiFi
0x000000000abe6000 	/System/Library/Frameworks/CoreBluetooth.framework/Versions/A/CoreBluetooth
0x000000000abe6000 	/System/Library/PrivateFrameworks/DebugSymbols.framework/Versions/A/DebugSymbols
0x000000000abe6000 	/System/Library/PrivateFrameworks/CoreSymbolication.framework/Versions/A/CoreSymbolication
0x000000000abe6000 	/System/Library/PrivateFrameworks/Symbolication.framework/Versions/A/Symbolication
0x000000000abe6000 	/System/Library/PrivateFrameworks/SpeechRecognitionCore.framework/Versions/A/SpeechRecognitionCore
0x0000000105600000 	/Library/Java/JavaVirtualMachines/jdk1.8.0_60.jdk/Contents/Home/jre/lib/server/libjvm.dylib
0x000000000abe6000 	/usr/lib/libstdc++.6.dylib
0x0000000104578000 	/Library/Java/JavaVirtualMachines/jdk1.8.0_60.jdk/Contents/Home/jre/lib/libverify.dylib
0x0000000104586000 	/Library/Java/JavaVirtualMachines/jdk1.8.0_60.jdk/Contents/Home/jre/lib/libjava.dylib
0x000000010668c000 	/Library/Java/JavaVirtualMachines/jdk1.8.0_60.jdk/Contents/Home/jre/lib/libjdwp.dylib
0x00000001045bc000 	/Library/Java/JavaVirtualMachines/jdk1.8.0_60.jdk/Contents/Home/jre/lib/libnpt.dylib
0x00000001045c9000 	/Library/Java/JavaVirtualMachines/jdk1.8.0_60.jdk/Contents/Home/jre/lib/libzip.dylib
0x000000011c507000 	/System/Library/Frameworks/JavaVM.framework/Frameworks/JavaRuntimeSupport.framework/JavaRuntimeSupport
0x000000011c51f000 	/System/Library/Frameworks/JavaVM.framework/Versions/A/Frameworks/JavaNativeFoundation.framework/Versions/A/JavaNativeFoundation
0x00000001045f1000 	/System/Library/Frameworks/JavaVM.framework/Versions/A/JavaVM
0x000000000abe6000 	/System/Library/Frameworks/Carbon.framework/Versions/A/Carbon
0x000000011c534000 	/System/Library/PrivateFrameworks/JavaLaunching.framework/Versions/A/JavaLaunching
0x000000000abe6000 	/System/Library/Frameworks/Carbon.framework/Versions/A/Frameworks/CommonPanels.framework/Versions/A/CommonPanels
0x000000000abe6000 	/System/Library/Frameworks/Carbon.framework/Versions/A/Frameworks/Help.framework/Versions/A/Help
0x000000000abe6000 	/System/Library/Frameworks/Carbon.framework/Versions/A/Frameworks/ImageCapture.framework/Versions/A/ImageCapture
0x000000000abe6000 	/System/Library/Frameworks/Carbon.framework/Versions/A/Frameworks/OpenScripting.framework/Versions/A/OpenScripting
0x000000000abe6000 	/System/Library/Frameworks/Carbon.framework/Versions/A/Frameworks/Print.framework/Versions/A/Print
0x000000000abe6000 	/System/Library/Frameworks/Carbon.framework/Versions/A/Frameworks/SecurityHI.framework/Versions/A/SecurityHI
0x000000011de9a000 	/Library/Java/JavaVirtualMachines/jdk1.8.0_60.jdk/Contents/Home/jre/lib/libdt_socket.dylib
0x000000011e991000 	/Library/Java/JavaVirtualMachines/jdk1.8.0_60.jdk/Contents/Home/jre/lib/libprism_es2.dylib
0x000000000abe6000 	/System/Library/Frameworks/OpenGL.framework/Versions/A/Resources/GLEngine.bundle/GLEngine
0x000000000abe6000 	/System/Library/Frameworks/OpenGL.framework/Versions/A/Libraries/libGLProgrammability.dylib
0x0000000000000000 	/System/Library/Extensions/GeForceTeslaGLDriver.bundle/Contents/MacOS/GeForceTeslaGLDriver
0x000000011ea13000 	/System/Library/Extensions/GeForceTeslaGLDriver.bundle/Contents/MacOS/libclh.dylib
0x000000011f25a000 	/System/Library/PrivateFrameworks/GPUSupport.framework/Versions/A/Libraries/libGPUSupport.dylib
0x000000000abe6000 	/System/Library/Frameworks/OpenGL.framework/Versions/A/Resources/GLRendererFloat.bundle/GLRendererFloat
0x000000000abe6000 	/System/Library/Frameworks/OpenCL.framework/Versions/A/Libraries/libcldcpuengine.dylib
0x000000000abe6000 	/System/Library/PrivateFrameworks/DiskImages.framework/Versions/A/DiskImages
0x000000000abe6000 	/System/Library/Frameworks/DiscRecording.framework/Versions/A/DiscRecording
0x000000000abe6000 	/usr/lib/libcsfde.dylib
0x000000000abe6000 	/usr/lib/libcurl.4.dylib
0x000000000abe6000 	/System/Library/PrivateFrameworks/MediaKit.framework/Versions/A/MediaKit
0x000000000abe6000 	/System/Library/PrivateFrameworks/ProtectedCloudStorage.framework/Versions/A/ProtectedCloudStorage
0x000000000abe6000 	/usr/lib/libCoreStorage.dylib
0x000000000abe6000 	/System/Library/PrivateFrameworks/EFILogin.framework/Versions/A/EFILogin
0x000000000abe6000 	/usr/lib/libutil.dylib
0x000000000abe6000 	/System/Library/PrivateFrameworks/FindMyDevice.framework/Versions/A/FindMyDevice
0x000000000abe6000 	/System/Library/Frameworks/LDAP.framework/Versions/A/LDAP
0x000000000abe6000 	/usr/lib/libsasl2.2.dylib
0x000000000abe6000 	/System/Library/PrivateFrameworks/CoreDaemon.framework/Versions/B/CoreDaemon
0x000000000abe6000 	/usr/lib/libcrypto.0.9.8.dylib
0x000000000abe6000 	/System/Library/PrivateFrameworks/AppleSRP.framework/Versions/A/AppleSRP
0x000000000abe6000 	/System/Library/PrivateFrameworks/TrustEvaluationAgent.framework/Versions/A/TrustEvaluationAgent
0x000000011f463000 	/Library/Java/JavaVirtualMachines/jdk1.8.0_60.jdk/Contents/Home/jre/lib/libglass.dylib
0x000000000abe6000 	/System/Library/PrivateFrameworks/CoreServicesInternal.framework/Versions/A/CoreServicesInternal
0x000000000abe6000 	/System/Library/PrivateFrameworks/CloudDocs.framework/Versions/A/CloudDocs
0x000000000abe6000 	/System/Library/PrivateFrameworks/CoreDuet.framework/Versions/A/CoreDuet
0x000000000abe6000 	/System/Library/Frameworks/CloudKit.framework/Versions/A/CloudKit
0x000000000abe6000 	/System/Library/PrivateFrameworks/ProtocolBuffer.framework/Versions/A/ProtocolBuffer
0x000000000abe6000 	/System/Library/PrivateFrameworks/CoreDuetDaemonProtocol.framework/Versions/A/CoreDuetDaemonProtocol
0x000000000abe6000 	/System/Library/PrivateFrameworks/CoreDuetDebugLogging.framework/Versions/A/CoreDuetDebugLogging
0x000000000abe6000 	/System/Library/PrivateFrameworks/MMCS.framework/Versions/A/MMCS
0x000000000abe6000 	/System/Library/Frameworks/CoreLocation.framework/Versions/A/CoreLocation
0x000000000abe6000 	/System/Library/PrivateFrameworks/GeoServices.framework/Versions/A/GeoServices
0x000000000abe6000 	/System/Library/Frameworks/CoreGraphics.framework/Versions/A/Resources/libCGCMS.A.dylib
0x000000000abe6000 	/System/Library/CoreServices/RawCamera.bundle/Contents/MacOS/RawCamera
0x000000000abe6000 	/System/Library/Frameworks/CoreGraphics.framework/Versions/A/Resources/libRIP.A.dylib
0x000000000abe6000 	/System/Library/PrivateFrameworks/FamilyControls.framework/Versions/A/FamilyControls
0x000000000abe6000 	/System/Library/PrivateFrameworks/CommerceKit.framework/Versions/A/Frameworks/CommerceCore.framework/Versions/A/CommerceCore
0x000000000abe6000 	/System/Library/PrivateFrameworks/SystemAdministration.framework/Versions/A/SystemAdministration
0x000000000abe6000 	/System/Library/PrivateFrameworks/AppContainer.framework/Versions/A/AppContainer
0x000000000abe6000 	/System/Library/PrivateFrameworks/SecCodeWrapper.framework/Versions/A/SecCodeWrapper
0x000000000abe6000 	/System/Library/Frameworks/DirectoryService.framework/Versions/A/DirectoryService
0x000000000abe6000 	/System/Library/PrivateFrameworks/LoginUIKit.framework/Versions/A/Frameworks/LoginUICore.framework/Versions/A/LoginUICore
0x000000000abe6000 	/usr/lib/libodfde.dylib

VM Arguments:
jvm_args: -agentlib:jdwp=transport=dt_socket,suspend=y,address=localhost:55119 -Dfile.encoding=UTF-8 
java_command: dialogs.AppDialogGallery
java_class_path (initial): /Users/adam/git/appFX/bin:/Users/adam/git/appFX/src/diagrams/grapheditor/libs/de.tesis.dynaware.grapheditor.api-1.1.1.jar:/Users/adam/git/appFX/src/diagrams/grapheditor/libs/de.tesis.dynaware.grapheditor.core-1.1.1.jar:/Users/adam/git/appFX/src/diagrams/grapheditor/libs/de.tesis.dynaware.grapheditor.model-1.1.1.jar:/Users/adam/git/appFX/src/diagrams/grapheditor/libs/edit-2.3.0-v200706262000.jar:/Users/adam/git/appFX/src/diagrams/grapheditor/libs/logback-classic-1.0.13.jar:/Users/adam/git/appFX/src/diagrams/grapheditor/libs/logback-core-1.0.13.jar:/Users/adam/git/appFX/src/diagrams/grapheditor/libs/org.eclipse.emf.common-2.9.2-v20131212-0545.jar:/Users/adam/git/appFX/src/diagrams/grapheditor/libs/org.eclipse.emf.ecore-2.9.2-v20131212-0545.jar:/Users/adam/git/appFX/src/diagrams/grapheditor/libs/org.eclipse.emf.ecore.xmi-2.9.1-v20131212-0545.jar:/Users/adam/git/appFX/src/diagrams/grapheditor/libs/slf4j-api-1.7.5.jar:/Users/adam/Downloads/commons-validator-1.4.1/commons-validator-1.4.1.jar:/Users/adam/Documents/libFX/bin:/Users/adam/Documents/libFX/commons-validator-1.4.1.jar:/Users/adam/Documents/libFX/jxls-core-1.0.5.jar:/Users/adam/Documents/libFX/opencsv-3.1.jar:/Users/adam/Documents/libFX/json_simple-1.1.jar:/Users/adam/git/appFX/src/chart/wordcloud/jsoup-1.8.3.jar:/Users/adam/git/appFX/src/chart/wordcloud/nlp/stanford-corenlp-3.5.2.jar:/Users/adam/.p2/pool/plugins/org.junit_4.12.0.v201504281640/junit.jar:/Users/adam/.p2/pool/plugins/org.hamcrest.core_1.3.0.v201303031735.jar:/Users/adam/git/appFX/src/container/libs/hamcrest-core-1.3.jar:/Users/adam/git/appFX/src/container/libs/jackson-annotations-2.4.4.jar:/Users/adam/git/appFX/src/container/libs/jackson-core-2.4.4.jar:/Users/adam/git/appFX/src/container/libs/jackson-databind-2.4.4.jar:/Users/adam/git/appFX/src/container/libs/junit-4.11.jar:/Users/adam/git/appFX/src/container/libs/pivot-core-2.0.4.jar:/Users/adam/git/appFX/src/container/libs/pivot-wtk-2.0.4.jar:/Users/adam/git/appFX/src
Launcher Type: SUN_STANDARD

Environment Variables:
PATH=/usr/bin:/bin:/usr/sbin:/sbin
SHELL=/bin/bash

Signal Handlers:
SIGSEGV: [libjvm.dylib+0x5a6d31], sa_mask[0]=11111111011111110111111111111111, sa_flags=SA_ONSTACK|SA_RESTART|SA_SIGINFO
SIGBUS: [libjvm.dylib+0x5a6d31], sa_mask[0]=11111111011111110111111111111111, sa_flags=SA_RESTART|SA_SIGINFO
SIGFPE: [libjvm.dylib+0x480a4c], sa_mask[0]=11111111011111110111111111111111, sa_flags=SA_RESTART|SA_SIGINFO
SIGPIPE: [libjvm.dylib+0x480a4c], sa_mask[0]=11111111011111110111111111111111, sa_flags=SA_RESTART|SA_SIGINFO
SIGXFSZ: [libjvm.dylib+0x480a4c], sa_mask[0]=11111111011111110111111111111111, sa_flags=SA_RESTART|SA_SIGINFO
SIGILL: [libjvm.dylib+0x480a4c], sa_mask[0]=11111111011111110111111111111111, sa_flags=SA_RESTART|SA_SIGINFO
SIGUSR1: SIG_DFL, sa_mask[0]=00000000000000000000000000000000, sa_flags=none
SIGUSR2: [libjvm.dylib+0x48056a], sa_mask[0]=00100000000000000000000000000000, sa_flags=SA_RESTART|SA_SIGINFO
SIGHUP: [libjvm.dylib+0x47eb41], sa_mask[0]=11111111011111110111111111111111, sa_flags=SA_RESTART|SA_SIGINFO
SIGINT: [libjvm.dylib+0x47eb41], sa_mask[0]=11111111011111110111111111111111, sa_flags=SA_RESTART|SA_SIGINFO
SIGTERM: [libjvm.dylib+0x47eb41], sa_mask[0]=11111111011111110111111111111111, sa_flags=SA_RESTART|SA_SIGINFO
SIGQUIT: [libjvm.dylib+0x47eb41], sa_mask[0]=11111111011111110111111111111111, sa_flags=SA_RESTART|SA_SIGINFO


---------------  S Y S T E M  ---------------

OS:Bsduname:Darwin 14.4.0 Darwin Kernel Version 14.4.0: Thu May 28 11:35:04 PDT 2015; root:xnu-2782.30.5~1/RELEASE_X86_64 x86_64
rlimit: STACK 8192k, CORE 0k, NPROC 709, NOFILE 10240, AS infinity
load average:2.50 2.31 2.07

CPU:total 8 (4 cores per cpu, 2 threads per core) family 6 model 26 stepping 5, cmov, cx8, fxsr, mmx, sse, sse2, sse3, ssse3, sse4.1, sse4.2, popcnt, ht, tsc, tscinvbit, tscinv

Memory: 4k page, physical 6291456k(26020k free)

/proc/meminfo:


vm_info: Java HotSpot(TM) 64-Bit Server VM (25.60-b23) for bsd-amd64 JRE (1.8.0_60-b27), built on Aug  4 2015 10:47:24 by "java_re" with gcc 4.2.1 (Based on Apple Inc. build 5658) (LLVM build 2336.11.00)

time: Mon Nov 23 14:57:45 2015
elapsed time: 110 seconds (0d 0h 1m 50s)

